<?xml version="1.0" encoding="UTF-8"?>
<!-- Generated by org.testng.reporters.JUnitReportReporter -->
<testsuite hostname="INBook_X1" failures="0" tests="1" name="Package.Newtest" time="0.010" errors="0" timestamp="2023-09-04T13:23:18 IST" skipped="0">
  <testcase classname="Package.Newtest" name="f" time="0.010"/>
</testsuite> <!-- Package.Newtest -->
